<?xml version="1.0" encoding="UTF-8"?>
<!-- Generated by org.testng.reporters.JUnitReportReporter -->
<testsuite hostname="DESKTOP-7PTRHU1" failures="0" tests="3" name="com.guru99.demo.testcases.RegistrationPageTests" time="15.258" errors="0" timestamp="2021-11-22T16:03:05 IST" skipped="0">
  <testcase classname="com.guru99.demo.testcases.RegistrationPageTests" name="registrationSucess" time="6.340"/>
  <system-out/>
  <testcase classname="com.guru99.demo.testcases.RegistrationPageTests" name="registrationFailure" time="4.393"/>
  <system-out/>
  <testcase classname="com.guru99.demo.testcases.RegistrationPageTests" name="registrationFailureInvalidMail" time="4.525"/>
  <system-out/>
</testsuite> <!-- com.guru99.demo.testcases.RegistrationPageTests -->
