<?xml version="1.0" encoding="UTF-8"?>
<!-- Generated by org.testng.reporters.JUnitReportReporter -->
<testsuite hostname="DESKTOP-7PTRHU1" failures="0" tests="3" name="com.guru99.demo.testcases.RegistrationPageTests" time="0.009" errors="0" timestamp="2021-11-19T17:54:12 IST" skipped="0">
  <testcase classname="com.guru99.demo.testcases.RegistrationPageTests" name="test2" time="0.001"/>
  <system-out/>
  <testcase classname="com.guru99.demo.testcases.RegistrationPageTests" name="test" time="0.006"/>
  <system-out/>
  <testcase classname="com.guru99.demo.testcases.RegistrationPageTests" name="test1" time="0.002"/>
  <system-out/>
</testsuite> <!-- com.guru99.demo.testcases.RegistrationPageTests -->
